<?xml version="1.0" encoding="UTF-8"?>
<!-- Generated by org.testng.reporters.JUnitReportReporter -->
<testsuite hostname="MAHESH-LAPTOP" failures="0" tests="4" name="api.test.UserTests" time="13.240" errors="0" timestamp="2024-10-26T22:36:40 IST" skipped="0">
  <testcase classname="api.test.UserTests" name="testPostUser" time="6.810"/>
  <system-out/>
  <testcase classname="api.test.UserTests" name="testGetUser" time="1.574"/>
  <system-out/>
  <testcase classname="api.test.UserTests" name="testUpdateUser" time="3.525"/>
  <system-out/>
  <testcase classname="api.test.UserTests" name="testDeleteUser" time="1.331"/>
  <system-out/>
</testsuite> <!-- api.test.UserTests -->
