<?xml version="1.0" encoding="UTF-8"?>
<!-- Generated by org.testng.reporters.JUnitReportReporter -->
<testsuite hostname="MAHESH-LAPTOP" failures="0" tests="4" name="api.test.UserTest2" time="12.834" errors="0" timestamp="2024-10-27T14:01:39 IST" skipped="0">
  <testcase classname="api.test.UserTest2" name="testPostUser" time="5.669"/>
  <system-out/>
  <testcase classname="api.test.UserTest2" name="testGetUser" time="1.821"/>
  <system-out/>
  <testcase classname="api.test.UserTest2" name="testUpdateUser" time="3.673"/>
  <system-out/>
  <testcase classname="api.test.UserTest2" name="testDeleteUser" time="1.671"/>
  <system-out/>
</testsuite> <!-- api.test.UserTest2 -->
