<?xml version="1.0" encoding="UTF-8"?>
<!-- Generated by org.testng.reporters.JUnitReportReporter -->
<testsuite hostname="MAHESH-LAPTOP" failures="0" tests="1" name="api.utilities.DataProviderClass" time="1.623" errors="0" timestamp="2024-10-26T23:59:39 IST" skipped="0">
  <testcase classname="api.utilities.DataProviderClass" name="getUserName" time="1.623"/>
  <system-out/>
</testsuite> <!-- api.utilities.DataProviderClass -->
