<?xml version="1.0" encoding="UTF-8"?>
<!-- Generated by org.testng.reporters.JUnitReportReporter -->
<testsuite hostname="MAHESH-LAPTOP" failures="0" tests="4" name="api.test.UserTest" time="8.490" errors="0" timestamp="2024-10-27T13:15:17 IST" skipped="0">
  <testcase classname="api.test.UserTest" name="testPostUser" time="1.614"/>
  <system-out/>
  <testcase classname="api.test.UserTest" name="testGetUser" time="1.504"/>
  <system-out/>
  <testcase classname="api.test.UserTest" name="testUpdateUser" time="3.474"/>
  <system-out/>
  <testcase classname="api.test.UserTest" name="testDeleteUser" time="1.898"/>
  <system-out/>
</testsuite> <!-- api.test.UserTest -->
