<?xml version="1.0" encoding="UTF-8"?>
<!-- Generated by org.testng.reporters.JUnitReportReporter -->
<testsuite hostname="MAHESH-LAPTOP" failures="0" tests="8" name="api.test.UserTest_DDT" time="17.796" errors="0" timestamp="2024-10-27T13:15:17 IST" skipped="0">
  <testcase classname="api.test.UserTest_DDT" name="testPostUser" time="1.633"/>
  <system-out/>
  <testcase classname="api.test.UserTest_DDT" name="testPostUser" time="2.195"/>
  <system-out/>
  <testcase classname="api.test.UserTest_DDT" name="testPostUser" time="5.525"/>
  <system-out/>
  <testcase classname="api.test.UserTest_DDT" name="testPostUser" time="2.038"/>
  <system-out/>
  <testcase classname="api.test.UserTest_DDT" name="testDeleteUser" time="1.308"/>
  <system-out/>
  <testcase classname="api.test.UserTest_DDT" name="testDeleteUser" time="1.627"/>
  <system-out/>
  <testcase classname="api.test.UserTest_DDT" name="testDeleteUser" time="1.612"/>
  <system-out/>
  <testcase classname="api.test.UserTest_DDT" name="testDeleteUser" time="1.858"/>
  <system-out/>
</testsuite> <!-- api.test.UserTest_DDT -->
