<?xml version="1.0" encoding="UTF-8"?>
<!-- Generated by org.testng.reporters.JUnitReportReporter -->
<testsuite hostname="MAHESH-LAPTOP" failures="0" tests="8" name="api.test.UserTest_DDT" time="14.853" errors="0" timestamp="2024-10-27T14:35:37 IST" skipped="0">
  <testcase classname="api.test.UserTest_DDT" name="testPostUser" time="1.626"/>
  <testcase classname="api.test.UserTest_DDT" name="testPostUser" time="4.601"/>
  <testcase classname="api.test.UserTest_DDT" name="testPostUser" time="1.421"/>
  <testcase classname="api.test.UserTest_DDT" name="testPostUser" time="1.322"/>
  <testcase classname="api.test.UserTest_DDT" name="testDeleteUser" time="1.511"/>
  <testcase classname="api.test.UserTest_DDT" name="testDeleteUser" time="1.542"/>
  <testcase classname="api.test.UserTest_DDT" name="testDeleteUser" time="1.376"/>
  <testcase classname="api.test.UserTest_DDT" name="testDeleteUser" time="1.454"/>
</testsuite> <!-- api.test.UserTest_DDT -->
