<?xml version="1.0" encoding="UTF-8"?>
<!-- Generated by org.testng.reporters.JUnitReportReporter -->
<testsuite hostname="MAHESH-LAPTOP" failures="0" tests="4" name="api.test.UserTest" time="7.177" errors="0" timestamp="2024-10-27T14:35:37 IST" skipped="0">
  <testcase classname="api.test.UserTest" name="testPostUser" time="1.484"/>
  <testcase classname="api.test.UserTest" name="testGetUser" time="1.432"/>
  <testcase classname="api.test.UserTest" name="testUpdateUser" time="2.831"/>
  <testcase classname="api.test.UserTest" name="testDeleteUser" time="1.430"/>
</testsuite> <!-- api.test.UserTest -->
